2022-02-03 15:49:04,389:INFO:PyCaret Supervised Module
2022-02-03 15:49:04,390:INFO:ML Usecase: classification
2022-02-03 15:49:04,390:INFO:version 2.3.6
2022-02-03 15:49:04,390:INFO:Initializing setup()
2022-02-03 15:49:04,390:INFO:setup(target=[0 0 1 ... 0 0 0], ml_usecase=classification, available_plots={'parameter': 'Hyperparameters', 'auc': 'AUC', 'confusion_matrix': 'Confusion Matrix', 'threshold': 'Threshold', 'pr': 'Precision Recall', 'error': 'Prediction Error', 'class_report': 'Class Report', 'rfe': 'Feature Selection', 'learning': 'Learning Curve', 'manifold': 'Manifold Learning', 'calibration': 'Calibration Curve', 'vc': 'Validation Curve', 'dimension': 'Dimensions', 'feature': 'Feature Importance', 'feature_all': 'Feature Importance (All)', 'boundary': 'Decision Boundary', 'lift': 'Lift Chart', 'gain': 'Gain Chart', 'tree': 'Decision Tree', 'ks': 'KS Statistic Plot'}, train_size=0.7, test_data=None, preprocess=True, imputation_type=simple, iterative_imputation_iters=5, categorical_features=None, categorical_imputation=constant, categorical_iterative_imputer=lightgbm, ordinal_features=None, high_cardinality_features=None, high_cardinality_method=frequency, numeric_features=None, numeric_imputation=mean, numeric_iterative_imputer=lightgbm, date_features=None, ignore_features=None, normalize=False, normalize_method=zscore, transformation=False, transformation_method=yeo-johnson, handle_unknown_categorical=True, unknown_categorical_method=least_frequent, pca=False, pca_method=linear, pca_components=None, ignore_low_variance=False, combine_rare_levels=False, rare_level_threshold=0.1, bin_numeric_features=None, remove_outliers=False, outliers_threshold=0.05, remove_multicollinearity=False, multicollinearity_threshold=0.9, remove_perfect_collinearity=True, create_clusters=False, cluster_iter=20, polynomial_features=False, polynomial_degree=2, trigonometry_features=False, polynomial_threshold=0.1, group_features=None, group_names=None, feature_selection=False, feature_selection_threshold=0.8, feature_selection_method=classic, feature_interaction=False, feature_ratio=False, interaction_threshold=0.01, fix_imbalance=False, fix_imbalance_method=None, transform_target=False, transform_target_method=box-cox, data_split_shuffle=True, data_split_stratify=False, fold_strategy=stratifiedkfold, fold=10, fold_shuffle=False, fold_groups=None, n_jobs=-1, use_gpu=False, custom_pipeline=None, html=True, session_id=123, log_experiment=False, experiment_name=None, log_plots=False, log_profile=False, log_data=False, silent=False, verbose=True, profile=False, profile_kwargs=None, display=None)
2022-02-03 15:49:04,392:INFO:Checking environment
2022-02-03 15:49:04,393:INFO:python_version: 3.8.12
2022-02-03 15:49:04,393:INFO:python_build: ('default', 'Oct 12 2021 03:01:40')
2022-02-03 15:49:04,393:INFO:machine: AMD64
2022-02-03 15:49:04,393:INFO:platform: Windows-10-10.0.19041-SP0
2022-02-03 15:49:04,399:WARNING:cannot find psutil installation. memory not traceable. Install psutil using pip to enable memory logging.
2022-02-03 15:49:04,399:INFO:Checking libraries
2022-02-03 15:49:04,399:INFO:pd==1.4.0
2022-02-03 15:49:04,399:INFO:numpy==1.19.5
2022-02-03 15:49:04,400:INFO:sklearn==0.23.2
2022-02-03 15:49:04,400:INFO:lightgbm==3.3.2
2022-02-03 15:49:04,405:WARNING:catboost not found
2022-02-03 15:49:04,410:WARNING:xgboost not found
2022-02-03 15:49:07,008:INFO:mlflow==1.23.1
2022-02-03 15:49:07,010:INFO:Checking Exceptions
2022-02-03 15:49:38,179:INFO:PyCaret Supervised Module
2022-02-03 15:49:38,180:INFO:ML Usecase: classification
2022-02-03 15:49:38,181:INFO:version 2.3.6
2022-02-03 15:49:38,181:INFO:Initializing setup()
2022-02-03 15:49:38,181:INFO:setup(target=[0 0 1 ... 0 0 0], ml_usecase=classification, available_plots={'parameter': 'Hyperparameters', 'auc': 'AUC', 'confusion_matrix': 'Confusion Matrix', 'threshold': 'Threshold', 'pr': 'Precision Recall', 'error': 'Prediction Error', 'class_report': 'Class Report', 'rfe': 'Feature Selection', 'learning': 'Learning Curve', 'manifold': 'Manifold Learning', 'calibration': 'Calibration Curve', 'vc': 'Validation Curve', 'dimension': 'Dimensions', 'feature': 'Feature Importance', 'feature_all': 'Feature Importance (All)', 'boundary': 'Decision Boundary', 'lift': 'Lift Chart', 'gain': 'Gain Chart', 'tree': 'Decision Tree', 'ks': 'KS Statistic Plot'}, train_size=0.7, test_data=None, preprocess=True, imputation_type=simple, iterative_imputation_iters=5, categorical_features=None, categorical_imputation=constant, categorical_iterative_imputer=lightgbm, ordinal_features=None, high_cardinality_features=None, high_cardinality_method=frequency, numeric_features=None, numeric_imputation=mean, numeric_iterative_imputer=lightgbm, date_features=None, ignore_features=None, normalize=False, normalize_method=zscore, transformation=False, transformation_method=yeo-johnson, handle_unknown_categorical=True, unknown_categorical_method=least_frequent, pca=False, pca_method=linear, pca_components=None, ignore_low_variance=False, combine_rare_levels=False, rare_level_threshold=0.1, bin_numeric_features=None, remove_outliers=False, outliers_threshold=0.05, remove_multicollinearity=False, multicollinearity_threshold=0.9, remove_perfect_collinearity=True, create_clusters=False, cluster_iter=20, polynomial_features=False, polynomial_degree=2, trigonometry_features=False, polynomial_threshold=0.1, group_features=None, group_names=None, feature_selection=False, feature_selection_threshold=0.8, feature_selection_method=classic, feature_interaction=False, feature_ratio=False, interaction_threshold=0.01, fix_imbalance=False, fix_imbalance_method=None, transform_target=False, transform_target_method=box-cox, data_split_shuffle=True, data_split_stratify=False, fold_strategy=stratifiedkfold, fold=10, fold_shuffle=False, fold_groups=None, n_jobs=-1, use_gpu=False, custom_pipeline=None, html=True, session_id=123, log_experiment=False, experiment_name=None, log_plots=False, log_profile=False, log_data=False, silent=False, verbose=True, profile=False, profile_kwargs=None, display=None)
2022-02-03 15:49:38,182:INFO:Checking environment
2022-02-03 15:49:38,182:INFO:python_version: 3.8.12
2022-02-03 15:49:38,182:INFO:python_build: ('default', 'Oct 12 2021 03:01:40')
2022-02-03 15:49:38,182:INFO:machine: AMD64
2022-02-03 15:49:38,182:INFO:platform: Windows-10-10.0.19041-SP0
2022-02-03 15:49:38,191:WARNING:cannot find psutil installation. memory not traceable. Install psutil using pip to enable memory logging.
2022-02-03 15:49:38,191:INFO:Checking libraries
2022-02-03 15:49:38,191:INFO:pd==1.4.0
2022-02-03 15:49:38,192:INFO:numpy==1.19.5
2022-02-03 15:49:38,192:INFO:sklearn==0.23.2
2022-02-03 15:49:38,192:INFO:lightgbm==3.3.2
2022-02-03 15:49:38,201:WARNING:catboost not found
2022-02-03 15:49:38,208:WARNING:xgboost not found
2022-02-03 15:49:38,210:INFO:mlflow==1.23.1
2022-02-03 15:49:38,210:INFO:Checking Exceptions
2022-02-03 15:50:08,665:INFO:PyCaret Supervised Module
2022-02-03 15:50:08,666:INFO:ML Usecase: classification
2022-02-03 15:50:08,666:INFO:version 2.3.6
2022-02-03 15:50:08,667:INFO:Initializing setup()
2022-02-03 15:50:08,667:INFO:setup(target=[0 0 1 ... 0 0 0], ml_usecase=classification, available_plots={'parameter': 'Hyperparameters', 'auc': 'AUC', 'confusion_matrix': 'Confusion Matrix', 'threshold': 'Threshold', 'pr': 'Precision Recall', 'error': 'Prediction Error', 'class_report': 'Class Report', 'rfe': 'Feature Selection', 'learning': 'Learning Curve', 'manifold': 'Manifold Learning', 'calibration': 'Calibration Curve', 'vc': 'Validation Curve', 'dimension': 'Dimensions', 'feature': 'Feature Importance', 'feature_all': 'Feature Importance (All)', 'boundary': 'Decision Boundary', 'lift': 'Lift Chart', 'gain': 'Gain Chart', 'tree': 'Decision Tree', 'ks': 'KS Statistic Plot'}, train_size=0.7, test_data=None, preprocess=True, imputation_type=simple, iterative_imputation_iters=5, categorical_features=None, categorical_imputation=constant, categorical_iterative_imputer=lightgbm, ordinal_features=None, high_cardinality_features=None, high_cardinality_method=frequency, numeric_features=None, numeric_imputation=mean, numeric_iterative_imputer=lightgbm, date_features=None, ignore_features=None, normalize=False, normalize_method=zscore, transformation=False, transformation_method=yeo-johnson, handle_unknown_categorical=True, unknown_categorical_method=least_frequent, pca=False, pca_method=linear, pca_components=None, ignore_low_variance=False, combine_rare_levels=False, rare_level_threshold=0.1, bin_numeric_features=None, remove_outliers=False, outliers_threshold=0.05, remove_multicollinearity=False, multicollinearity_threshold=0.9, remove_perfect_collinearity=True, create_clusters=False, cluster_iter=20, polynomial_features=False, polynomial_degree=2, trigonometry_features=False, polynomial_threshold=0.1, group_features=None, group_names=None, feature_selection=False, feature_selection_threshold=0.8, feature_selection_method=classic, feature_interaction=False, feature_ratio=False, interaction_threshold=0.01, fix_imbalance=False, fix_imbalance_method=None, transform_target=False, transform_target_method=box-cox, data_split_shuffle=True, data_split_stratify=False, fold_strategy=stratifiedkfold, fold=10, fold_shuffle=False, fold_groups=None, n_jobs=-1, use_gpu=False, custom_pipeline=None, html=True, session_id=123, log_experiment=False, experiment_name=None, log_plots=False, log_profile=False, log_data=False, silent=False, verbose=True, profile=False, profile_kwargs=None, display=None)
2022-02-03 15:50:08,667:INFO:Checking environment
2022-02-03 15:50:08,668:INFO:python_version: 3.8.12
2022-02-03 15:50:08,668:INFO:python_build: ('default', 'Oct 12 2021 03:01:40')
2022-02-03 15:50:08,668:INFO:machine: AMD64
2022-02-03 15:50:08,668:INFO:platform: Windows-10-10.0.19041-SP0
2022-02-03 15:50:08,677:WARNING:cannot find psutil installation. memory not traceable. Install psutil using pip to enable memory logging.
2022-02-03 15:50:08,677:INFO:Checking libraries
2022-02-03 15:50:08,677:INFO:pd==1.4.0
2022-02-03 15:50:08,677:INFO:numpy==1.19.5
2022-02-03 15:50:08,677:INFO:sklearn==0.23.2
2022-02-03 15:50:08,678:INFO:lightgbm==3.3.2
2022-02-03 15:50:08,685:WARNING:catboost not found
2022-02-03 15:50:08,693:WARNING:xgboost not found
2022-02-03 15:50:08,693:INFO:mlflow==1.23.1
2022-02-03 15:50:08,694:INFO:Checking Exceptions
2022-02-03 15:50:49,922:INFO:PyCaret Supervised Module
2022-02-03 15:50:49,923:INFO:ML Usecase: classification
2022-02-03 15:50:49,924:INFO:version 2.3.6
2022-02-03 15:50:49,924:INFO:Initializing setup()
2022-02-03 15:50:49,925:INFO:setup(target=[0 0 1 ... 0 0 0], ml_usecase=classification, available_plots={'parameter': 'Hyperparameters', 'auc': 'AUC', 'confusion_matrix': 'Confusion Matrix', 'threshold': 'Threshold', 'pr': 'Precision Recall', 'error': 'Prediction Error', 'class_report': 'Class Report', 'rfe': 'Feature Selection', 'learning': 'Learning Curve', 'manifold': 'Manifold Learning', 'calibration': 'Calibration Curve', 'vc': 'Validation Curve', 'dimension': 'Dimensions', 'feature': 'Feature Importance', 'feature_all': 'Feature Importance (All)', 'boundary': 'Decision Boundary', 'lift': 'Lift Chart', 'gain': 'Gain Chart', 'tree': 'Decision Tree', 'ks': 'KS Statistic Plot'}, train_size=0.7, test_data=None, preprocess=True, imputation_type=simple, iterative_imputation_iters=5, categorical_features=None, categorical_imputation=constant, categorical_iterative_imputer=lightgbm, ordinal_features=None, high_cardinality_features=None, high_cardinality_method=frequency, numeric_features=None, numeric_imputation=mean, numeric_iterative_imputer=lightgbm, date_features=None, ignore_features=None, normalize=False, normalize_method=zscore, transformation=False, transformation_method=yeo-johnson, handle_unknown_categorical=True, unknown_categorical_method=least_frequent, pca=False, pca_method=linear, pca_components=None, ignore_low_variance=False, combine_rare_levels=False, rare_level_threshold=0.1, bin_numeric_features=None, remove_outliers=False, outliers_threshold=0.05, remove_multicollinearity=False, multicollinearity_threshold=0.9, remove_perfect_collinearity=True, create_clusters=False, cluster_iter=20, polynomial_features=False, polynomial_degree=2, trigonometry_features=False, polynomial_threshold=0.1, group_features=None, group_names=None, feature_selection=False, feature_selection_threshold=0.8, feature_selection_method=classic, feature_interaction=False, feature_ratio=False, interaction_threshold=0.01, fix_imbalance=False, fix_imbalance_method=None, transform_target=False, transform_target_method=box-cox, data_split_shuffle=True, data_split_stratify=False, fold_strategy=stratifiedkfold, fold=10, fold_shuffle=False, fold_groups=None, n_jobs=-1, use_gpu=False, custom_pipeline=None, html=True, session_id=123, log_experiment=False, experiment_name=None, log_plots=False, log_profile=False, log_data=False, silent=False, verbose=True, profile=False, profile_kwargs=None, display=None)
2022-02-03 15:50:49,925:INFO:Checking environment
2022-02-03 15:50:49,926:INFO:python_version: 3.8.12
2022-02-03 15:50:49,927:INFO:python_build: ('default', 'Oct 12 2021 03:01:40')
2022-02-03 15:50:49,928:INFO:machine: AMD64
2022-02-03 15:50:49,928:INFO:platform: Windows-10-10.0.19041-SP0
2022-02-03 15:50:49,940:WARNING:cannot find psutil installation. memory not traceable. Install psutil using pip to enable memory logging.
2022-02-03 15:50:49,940:INFO:Checking libraries
2022-02-03 15:50:49,940:INFO:pd==1.4.0
2022-02-03 15:50:49,940:INFO:numpy==1.19.5
2022-02-03 15:50:49,940:INFO:sklearn==0.23.2
2022-02-03 15:50:49,941:INFO:lightgbm==3.3.2
2022-02-03 15:50:49,949:WARNING:catboost not found
2022-02-03 15:50:49,957:WARNING:xgboost not found
2022-02-03 15:50:49,958:INFO:mlflow==1.23.1
2022-02-03 15:50:49,958:INFO:Checking Exceptions
2022-02-03 15:51:17,061:INFO:PyCaret Supervised Module
2022-02-03 15:51:17,061:INFO:ML Usecase: classification
2022-02-03 15:51:17,062:INFO:version 2.3.6
2022-02-03 15:51:17,062:INFO:Initializing setup()
2022-02-03 15:51:17,062:INFO:setup(target=[0 0 1 ... 0 0 0], ml_usecase=classification, available_plots={'parameter': 'Hyperparameters', 'auc': 'AUC', 'confusion_matrix': 'Confusion Matrix', 'threshold': 'Threshold', 'pr': 'Precision Recall', 'error': 'Prediction Error', 'class_report': 'Class Report', 'rfe': 'Feature Selection', 'learning': 'Learning Curve', 'manifold': 'Manifold Learning', 'calibration': 'Calibration Curve', 'vc': 'Validation Curve', 'dimension': 'Dimensions', 'feature': 'Feature Importance', 'feature_all': 'Feature Importance (All)', 'boundary': 'Decision Boundary', 'lift': 'Lift Chart', 'gain': 'Gain Chart', 'tree': 'Decision Tree', 'ks': 'KS Statistic Plot'}, train_size=0.7, test_data=None, preprocess=True, imputation_type=simple, iterative_imputation_iters=5, categorical_features=None, categorical_imputation=constant, categorical_iterative_imputer=lightgbm, ordinal_features=None, high_cardinality_features=None, high_cardinality_method=frequency, numeric_features=None, numeric_imputation=mean, numeric_iterative_imputer=lightgbm, date_features=None, ignore_features=None, normalize=False, normalize_method=zscore, transformation=False, transformation_method=yeo-johnson, handle_unknown_categorical=True, unknown_categorical_method=least_frequent, pca=False, pca_method=linear, pca_components=None, ignore_low_variance=False, combine_rare_levels=False, rare_level_threshold=0.1, bin_numeric_features=None, remove_outliers=False, outliers_threshold=0.05, remove_multicollinearity=False, multicollinearity_threshold=0.9, remove_perfect_collinearity=True, create_clusters=False, cluster_iter=20, polynomial_features=False, polynomial_degree=2, trigonometry_features=False, polynomial_threshold=0.1, group_features=None, group_names=None, feature_selection=False, feature_selection_threshold=0.8, feature_selection_method=classic, feature_interaction=False, feature_ratio=False, interaction_threshold=0.01, fix_imbalance=False, fix_imbalance_method=None, transform_target=False, transform_target_method=box-cox, data_split_shuffle=True, data_split_stratify=False, fold_strategy=stratifiedkfold, fold=10, fold_shuffle=False, fold_groups=None, n_jobs=-1, use_gpu=False, custom_pipeline=None, html=True, session_id=123, log_experiment=False, experiment_name=None, log_plots=False, log_profile=False, log_data=False, silent=False, verbose=True, profile=False, profile_kwargs=None, display=None)
2022-02-03 15:51:17,063:INFO:Checking environment
2022-02-03 15:51:17,063:INFO:python_version: 3.8.12
2022-02-03 15:51:17,063:INFO:python_build: ('default', 'Oct 12 2021 03:01:40')
2022-02-03 15:51:17,063:INFO:machine: AMD64
2022-02-03 15:51:17,064:INFO:platform: Windows-10-10.0.19041-SP0
2022-02-03 15:51:17,072:WARNING:cannot find psutil installation. memory not traceable. Install psutil using pip to enable memory logging.
2022-02-03 15:51:17,072:INFO:Checking libraries
2022-02-03 15:51:17,072:INFO:pd==1.4.0
2022-02-03 15:51:17,073:INFO:numpy==1.19.5
2022-02-03 15:51:17,073:INFO:sklearn==0.23.2
2022-02-03 15:51:17,073:INFO:lightgbm==3.3.2
2022-02-03 15:51:17,080:WARNING:catboost not found
2022-02-03 15:51:17,088:WARNING:xgboost not found
2022-02-03 15:51:17,088:INFO:mlflow==1.23.1
2022-02-03 15:51:17,089:INFO:Checking Exceptions
2022-02-03 15:52:18,065:INFO:PyCaret Supervised Module
2022-02-03 15:52:18,065:INFO:ML Usecase: classification
2022-02-03 15:52:18,065:INFO:version 2.3.6
2022-02-03 15:52:18,065:INFO:Initializing setup()
2022-02-03 15:52:18,066:INFO:setup(target=[0 0 0 ... 0 1 0], ml_usecase=classification, available_plots={'parameter': 'Hyperparameters', 'auc': 'AUC', 'confusion_matrix': 'Confusion Matrix', 'threshold': 'Threshold', 'pr': 'Precision Recall', 'error': 'Prediction Error', 'class_report': 'Class Report', 'rfe': 'Feature Selection', 'learning': 'Learning Curve', 'manifold': 'Manifold Learning', 'calibration': 'Calibration Curve', 'vc': 'Validation Curve', 'dimension': 'Dimensions', 'feature': 'Feature Importance', 'feature_all': 'Feature Importance (All)', 'boundary': 'Decision Boundary', 'lift': 'Lift Chart', 'gain': 'Gain Chart', 'tree': 'Decision Tree', 'ks': 'KS Statistic Plot'}, train_size=0.7, test_data=None, preprocess=True, imputation_type=simple, iterative_imputation_iters=5, categorical_features=None, categorical_imputation=constant, categorical_iterative_imputer=lightgbm, ordinal_features=None, high_cardinality_features=None, high_cardinality_method=frequency, numeric_features=None, numeric_imputation=mean, numeric_iterative_imputer=lightgbm, date_features=None, ignore_features=None, normalize=False, normalize_method=zscore, transformation=False, transformation_method=yeo-johnson, handle_unknown_categorical=True, unknown_categorical_method=least_frequent, pca=False, pca_method=linear, pca_components=None, ignore_low_variance=False, combine_rare_levels=False, rare_level_threshold=0.1, bin_numeric_features=None, remove_outliers=False, outliers_threshold=0.05, remove_multicollinearity=False, multicollinearity_threshold=0.9, remove_perfect_collinearity=True, create_clusters=False, cluster_iter=20, polynomial_features=False, polynomial_degree=2, trigonometry_features=False, polynomial_threshold=0.1, group_features=None, group_names=None, feature_selection=False, feature_selection_threshold=0.8, feature_selection_method=classic, feature_interaction=False, feature_ratio=False, interaction_threshold=0.01, fix_imbalance=False, fix_imbalance_method=None, transform_target=False, transform_target_method=box-cox, data_split_shuffle=True, data_split_stratify=False, fold_strategy=stratifiedkfold, fold=10, fold_shuffle=False, fold_groups=None, n_jobs=-1, use_gpu=False, custom_pipeline=None, html=True, session_id=123, log_experiment=False, experiment_name=None, log_plots=False, log_profile=False, log_data=False, silent=False, verbose=True, profile=False, profile_kwargs=None, display=None)
2022-02-03 15:52:18,066:INFO:Checking environment
2022-02-03 15:52:18,066:INFO:python_version: 3.8.12
2022-02-03 15:52:18,066:INFO:python_build: ('default', 'Oct 12 2021 03:01:40')
2022-02-03 15:52:18,066:INFO:machine: AMD64
2022-02-03 15:52:18,066:INFO:platform: Windows-10-10.0.19041-SP0
2022-02-03 15:52:18,074:WARNING:cannot find psutil installation. memory not traceable. Install psutil using pip to enable memory logging.
2022-02-03 15:52:18,074:INFO:Checking libraries
2022-02-03 15:52:18,074:INFO:pd==1.4.0
2022-02-03 15:52:18,074:INFO:numpy==1.19.5
2022-02-03 15:52:18,074:INFO:sklearn==0.23.2
2022-02-03 15:52:18,074:INFO:lightgbm==3.3.2
2022-02-03 15:52:18,081:WARNING:catboost not found
2022-02-03 15:52:18,088:WARNING:xgboost not found
2022-02-03 15:52:18,088:INFO:mlflow==1.23.1
2022-02-03 15:52:18,088:INFO:Checking Exceptions
2022-02-03 15:54:16,939:INFO:PyCaret Supervised Module
2022-02-03 15:54:16,940:INFO:ML Usecase: classification
2022-02-03 15:54:16,941:INFO:version 2.3.6
2022-02-03 15:54:16,942:INFO:Initializing setup()
2022-02-03 15:54:16,942:INFO:setup(target=label, ml_usecase=classification, available_plots={'parameter': 'Hyperparameters', 'auc': 'AUC', 'confusion_matrix': 'Confusion Matrix', 'threshold': 'Threshold', 'pr': 'Precision Recall', 'error': 'Prediction Error', 'class_report': 'Class Report', 'rfe': 'Feature Selection', 'learning': 'Learning Curve', 'manifold': 'Manifold Learning', 'calibration': 'Calibration Curve', 'vc': 'Validation Curve', 'dimension': 'Dimensions', 'feature': 'Feature Importance', 'feature_all': 'Feature Importance (All)', 'boundary': 'Decision Boundary', 'lift': 'Lift Chart', 'gain': 'Gain Chart', 'tree': 'Decision Tree', 'ks': 'KS Statistic Plot'}, train_size=0.7, test_data=None, preprocess=True, imputation_type=simple, iterative_imputation_iters=5, categorical_features=None, categorical_imputation=constant, categorical_iterative_imputer=lightgbm, ordinal_features=None, high_cardinality_features=None, high_cardinality_method=frequency, numeric_features=None, numeric_imputation=mean, numeric_iterative_imputer=lightgbm, date_features=None, ignore_features=None, normalize=False, normalize_method=zscore, transformation=False, transformation_method=yeo-johnson, handle_unknown_categorical=True, unknown_categorical_method=least_frequent, pca=False, pca_method=linear, pca_components=None, ignore_low_variance=False, combine_rare_levels=False, rare_level_threshold=0.1, bin_numeric_features=None, remove_outliers=False, outliers_threshold=0.05, remove_multicollinearity=False, multicollinearity_threshold=0.9, remove_perfect_collinearity=True, create_clusters=False, cluster_iter=20, polynomial_features=False, polynomial_degree=2, trigonometry_features=False, polynomial_threshold=0.1, group_features=None, group_names=None, feature_selection=False, feature_selection_threshold=0.8, feature_selection_method=classic, feature_interaction=False, feature_ratio=False, interaction_threshold=0.01, fix_imbalance=False, fix_imbalance_method=None, transform_target=False, transform_target_method=box-cox, data_split_shuffle=True, data_split_stratify=False, fold_strategy=stratifiedkfold, fold=10, fold_shuffle=False, fold_groups=None, n_jobs=-1, use_gpu=False, custom_pipeline=None, html=True, session_id=123, log_experiment=False, experiment_name=None, log_plots=False, log_profile=False, log_data=False, silent=False, verbose=True, profile=False, profile_kwargs=None, display=None)
2022-02-03 15:54:16,944:INFO:Checking environment
2022-02-03 15:54:16,945:INFO:python_version: 3.8.12
2022-02-03 15:54:16,945:INFO:python_build: ('default', 'Oct 12 2021 03:01:40')
2022-02-03 15:54:16,946:INFO:machine: AMD64
2022-02-03 15:54:16,947:INFO:platform: Windows-10-10.0.19041-SP0
2022-02-03 15:54:16,973:WARNING:cannot find psutil installation. memory not traceable. Install psutil using pip to enable memory logging.
2022-02-03 15:54:16,974:INFO:Checking libraries
2022-02-03 15:54:16,974:INFO:pd==1.4.0
2022-02-03 15:54:16,976:INFO:numpy==1.19.5
2022-02-03 15:54:16,976:INFO:sklearn==0.23.2
2022-02-03 15:54:16,977:INFO:lightgbm==3.3.2
2022-02-03 15:54:16,991:WARNING:catboost not found
2022-02-03 15:54:17,002:WARNING:xgboost not found
2022-02-03 15:54:17,002:INFO:mlflow==1.23.1
2022-02-03 15:54:17,002:INFO:Checking Exceptions
2022-02-03 15:54:17,002:INFO:Declaring global variables
2022-02-03 15:54:17,002:INFO:USI: 0f1e
2022-02-03 15:54:17,003:INFO:pycaret_globals: {'_ml_usecase', 'stratify_param', 'create_model_container', 'seed', 'gpu_param', 'n_jobs_param', 'fold_generator', 'imputation_classifier', 'fold_groups_param_full', 'master_model_container', 'html_param', '_available_plots', '_all_models_internal', 'fold_param', 'y', 'X_train', 'X', '_gpu_n_jobs_param', 'iterative_imputation_iters_param', 'fold_groups_param', '_all_models', 'imputation_regressor', 'transform_target_param', 'y_test', 'logging_param', 'prep_pipe', '_internal_pipeline', '_all_metrics', 'USI', 'pycaret_globals', 'fix_imbalance_method_param', 'experiment__', 'target_param', 'fold_shuffle_param', 'log_plots_param', 'display_container', 'exp_name_log', 'transform_target_method_param', 'data_before_preprocess', 'y_train', 'X_test', 'fix_imbalance_param'}
2022-02-03 15:54:17,003:INFO:Preparing display monitor
2022-02-03 15:54:17,003:INFO:Preparing display monitor
2022-02-03 15:54:17,038:INFO:Importing libraries
2022-02-03 15:54:17,038:INFO:Copying data for preprocessing
2022-02-03 15:54:17,051:INFO:Declaring preprocessing parameters
2022-02-03 15:54:17,055:INFO:Creating preprocessing pipeline
2022-02-03 15:54:17,074:INFO:Preprocessing pipeline created successfully
2022-02-03 15:54:17,074:ERROR:(Process Exit): setup has been interupted with user command 'quit'. setup must rerun.
2022-02-03 15:54:17,074:INFO:Creating global containers
2022-02-03 15:54:17,075:INFO:Internal pipeline: Pipeline(memory=None, steps=[('empty_step', 'passthrough')], verbose=False)
2022-02-03 15:54:43,950:WARNING:Couldn't import xgboost.XGBClassifier
2022-02-03 15:54:43,956:WARNING:Couldn't import catboost.CatBoostClassifier
2022-02-03 15:54:44,083:WARNING:Couldn't import xgboost.XGBClassifier
2022-02-03 15:54:44,091:WARNING:Couldn't import catboost.CatBoostClassifier
2022-02-03 15:54:44,092:INFO:Creating grid variables
2022-02-03 15:54:44,115:INFO:create_model_container: 0
2022-02-03 15:54:44,115:INFO:master_model_container: 0
2022-02-03 15:54:44,116:INFO:display_container: 1
2022-02-03 15:54:44,131:INFO:Pipeline(memory=None,
         steps=[('dtypes',
                 DataTypes_Auto_infer(categorical_features=[],
                                      display_types=True, features_todrop=[],
                                      id_columns=[],
                                      ml_usecase='classification',
                                      numerical_features=[], target='label',
                                      time_features=[])),
                ('imputer',
                 Simple_Imputer(categorical_strategy='not_available',
                                fill_value_categorical=None,
                                fill_value_numerical=None,
                                numeric_strate...
                ('scaling', 'passthrough'), ('P_transform', 'passthrough'),
                ('binn', 'passthrough'), ('rem_outliers', 'passthrough'),
                ('cluster_all', 'passthrough'),
                ('dummy', Dummify(target='label')),
                ('fix_perfect', Remove_100(target='label')),
                ('clean_names', Clean_Colum_Names()),
                ('feature_select', 'passthrough'), ('fix_multi', 'passthrough'),
                ('dfs', 'passthrough'), ('pca', 'passthrough')],
         verbose=False)
2022-02-03 15:54:44,131:INFO:setup() succesfully completed......................................
2022-02-03 15:55:06,530:INFO:Initializing compare_models()
2022-02-03 15:55:06,532:INFO:compare_models(include=None, fold=None, round=4, cross_validation=True, sort=Accuracy, n_select=1, budget_time=None, turbo=True, errors=ignore, fit_kwargs=None, groups=None, probability_threshold=None, verbose=True, display=None, exclude=None)
2022-02-03 15:55:06,534:INFO:Checking exceptions
2022-02-03 15:55:06,538:INFO:Preparing display monitor
2022-02-03 15:55:06,539:INFO:Preparing display monitor
2022-02-03 15:55:06,631:INFO:Initializing Logistic Regression
2022-02-03 15:55:06,632:INFO:Total runtime is 1.6637643178304036e-05 minutes
2022-02-03 15:55:06,643:INFO:SubProcess create_model() called ==================================
2022-02-03 15:55:06,644:INFO:Initializing create_model()
2022-02-03 15:55:06,644:INFO:create_model(estimator=lr, fold=StratifiedKFold(n_splits=10, random_state=None, shuffle=False), round=4, cross_validation=True, predict=True, fit_kwargs={}, groups=None, refit=False, verbose=False, system=False, metrics=None, add_to_model_list=True, probability_threshold=None, display=<pycaret.internal.Display.Display object at 0x000001C16E4CB4F0>, kwargs={})
2022-02-03 15:55:06,644:INFO:Checking exceptions
2022-02-03 15:55:06,645:INFO:Importing libraries
2022-02-03 15:55:06,645:INFO:Copying training dataset
2022-02-03 15:55:06,663:INFO:Defining folds
2022-02-03 15:55:06,663:INFO:Declaring metric variables
2022-02-03 15:55:06,677:INFO:Importing untrained model
2022-02-03 15:55:06,697:INFO:Logistic Regression Imported succesfully
2022-02-03 15:55:06,728:INFO:Starting cross validation
2022-02-03 15:55:06,730:INFO:Cross validating with StratifiedKFold(n_splits=10, random_state=None, shuffle=False), n_jobs=-1
2022-02-03 15:56:32,040:INFO:Calculating mean and std
2022-02-03 15:56:32,041:INFO:Creating metrics dataframe
2022-02-03 15:56:32,189:INFO:Uploading results into container
2022-02-03 15:56:32,190:INFO:Uploading model into container now
2022-02-03 15:56:32,190:INFO:create_model_container: 1
2022-02-03 15:56:32,190:INFO:master_model_container: 1
2022-02-03 15:56:32,190:INFO:display_container: 2
2022-02-03 15:56:32,191:INFO:LogisticRegression(C=1.0, class_weight=None, dual=False, fit_intercept=True,
                   intercept_scaling=1, l1_ratio=None, max_iter=1000,
                   multi_class='auto', n_jobs=None, penalty='l2',
                   random_state=123, solver='lbfgs', tol=0.0001, verbose=0,
                   warm_start=False)
2022-02-03 15:56:32,191:INFO:create_model() succesfully completed......................................
2022-02-03 15:56:32,284:INFO:SubProcess create_model() end ==================================
2022-02-03 15:56:32,284:INFO:Creating metrics dataframe
2022-02-03 15:56:32,355:INFO:Initializing K Neighbors Classifier
2022-02-03 15:56:32,355:INFO:Total runtime is 1.4287370761235554 minutes
2022-02-03 15:56:32,368:INFO:SubProcess create_model() called ==================================
2022-02-03 15:56:32,368:INFO:Initializing create_model()
2022-02-03 15:56:32,368:INFO:create_model(estimator=knn, fold=StratifiedKFold(n_splits=10, random_state=None, shuffle=False), round=4, cross_validation=True, predict=True, fit_kwargs={}, groups=None, refit=False, verbose=False, system=False, metrics=None, add_to_model_list=True, probability_threshold=None, display=<pycaret.internal.Display.Display object at 0x000001C16E4CB4F0>, kwargs={})
2022-02-03 15:56:32,369:INFO:Checking exceptions
2022-02-03 15:56:32,369:INFO:Importing libraries
2022-02-03 15:56:32,369:INFO:Copying training dataset
2022-02-03 15:56:32,397:INFO:Defining folds
2022-02-03 15:56:32,398:INFO:Declaring metric variables
2022-02-03 15:56:32,415:INFO:Importing untrained model
2022-02-03 15:56:32,434:INFO:K Neighbors Classifier Imported succesfully
2022-02-03 15:56:32,476:INFO:Starting cross validation
2022-02-03 15:56:32,477:INFO:Cross validating with StratifiedKFold(n_splits=10, random_state=None, shuffle=False), n_jobs=-1
2022-02-03 15:56:55,563:INFO:Calculating mean and std
2022-02-03 15:56:55,565:INFO:Creating metrics dataframe
2022-02-03 15:56:55,751:INFO:Uploading results into container
2022-02-03 15:56:55,751:INFO:Uploading model into container now
2022-02-03 15:56:55,751:INFO:create_model_container: 2
2022-02-03 15:56:55,751:INFO:master_model_container: 2
2022-02-03 15:56:55,751:INFO:display_container: 2
2022-02-03 15:56:55,752:INFO:KNeighborsClassifier(algorithm='auto', leaf_size=30, metric='minkowski',
                     metric_params=None, n_jobs=-1, n_neighbors=5, p=2,
                     weights='uniform')
2022-02-03 15:56:55,752:INFO:create_model() succesfully completed......................................
2022-02-03 15:56:55,835:INFO:SubProcess create_model() end ==================================
2022-02-03 15:56:55,836:INFO:Creating metrics dataframe
2022-02-03 15:56:55,894:INFO:Initializing Naive Bayes
2022-02-03 15:56:55,894:INFO:Total runtime is 1.8210620641708373 minutes
2022-02-03 15:56:55,906:INFO:SubProcess create_model() called ==================================
2022-02-03 15:56:55,907:INFO:Initializing create_model()
2022-02-03 15:56:55,907:INFO:create_model(estimator=nb, fold=StratifiedKFold(n_splits=10, random_state=None, shuffle=False), round=4, cross_validation=True, predict=True, fit_kwargs={}, groups=None, refit=False, verbose=False, system=False, metrics=None, add_to_model_list=True, probability_threshold=None, display=<pycaret.internal.Display.Display object at 0x000001C16E4CB4F0>, kwargs={})
2022-02-03 15:56:55,907:INFO:Checking exceptions
2022-02-03 15:56:55,908:INFO:Importing libraries
2022-02-03 15:56:55,908:INFO:Copying training dataset
2022-02-03 15:56:55,924:INFO:Defining folds
2022-02-03 15:56:55,924:INFO:Declaring metric variables
2022-02-03 15:56:55,938:INFO:Importing untrained model
2022-02-03 15:56:55,951:INFO:Naive Bayes Imported succesfully
2022-02-03 15:56:55,980:INFO:Starting cross validation
2022-02-03 15:56:55,981:INFO:Cross validating with StratifiedKFold(n_splits=10, random_state=None, shuffle=False), n_jobs=-1
2022-02-03 15:56:58,673:INFO:Calculating mean and std
2022-02-03 15:56:58,677:INFO:Creating metrics dataframe
2022-02-03 15:56:58,905:INFO:Uploading results into container
2022-02-03 15:56:58,906:INFO:Uploading model into container now
2022-02-03 15:56:58,906:INFO:create_model_container: 3
2022-02-03 15:56:58,906:INFO:master_model_container: 3
2022-02-03 15:56:58,906:INFO:display_container: 2
2022-02-03 15:56:58,907:INFO:GaussianNB(priors=None, var_smoothing=1e-09)
2022-02-03 15:56:58,907:INFO:create_model() succesfully completed......................................
2022-02-03 15:56:58,991:INFO:SubProcess create_model() end ==================================
2022-02-03 15:56:58,992:INFO:Creating metrics dataframe
2022-02-03 15:56:59,047:INFO:Initializing Decision Tree Classifier
2022-02-03 15:56:59,047:INFO:Total runtime is 1.8736102898915608 minutes
2022-02-03 15:56:59,059:INFO:SubProcess create_model() called ==================================
2022-02-03 15:56:59,059:INFO:Initializing create_model()
2022-02-03 15:56:59,059:INFO:create_model(estimator=dt, fold=StratifiedKFold(n_splits=10, random_state=None, shuffle=False), round=4, cross_validation=True, predict=True, fit_kwargs={}, groups=None, refit=False, verbose=False, system=False, metrics=None, add_to_model_list=True, probability_threshold=None, display=<pycaret.internal.Display.Display object at 0x000001C16E4CB4F0>, kwargs={})
2022-02-03 15:56:59,059:INFO:Checking exceptions
2022-02-03 15:56:59,060:INFO:Importing libraries
2022-02-03 15:56:59,060:INFO:Copying training dataset
2022-02-03 15:56:59,080:INFO:Defining folds
2022-02-03 15:56:59,080:INFO:Declaring metric variables
2022-02-03 15:56:59,093:INFO:Importing untrained model
2022-02-03 15:56:59,106:INFO:Decision Tree Classifier Imported succesfully
2022-02-03 15:56:59,132:INFO:Starting cross validation
2022-02-03 15:56:59,133:INFO:Cross validating with StratifiedKFold(n_splits=10, random_state=None, shuffle=False), n_jobs=-1
2022-02-03 15:57:09,288:INFO:Calculating mean and std
2022-02-03 15:57:09,291:INFO:Creating metrics dataframe
2022-02-03 15:57:09,480:INFO:Uploading results into container
2022-02-03 15:57:09,480:INFO:Uploading model into container now
2022-02-03 15:57:09,480:INFO:create_model_container: 4
2022-02-03 15:57:09,480:INFO:master_model_container: 4
2022-02-03 15:57:09,480:INFO:display_container: 2
2022-02-03 15:57:09,481:INFO:DecisionTreeClassifier(ccp_alpha=0.0, class_weight=None, criterion='gini',
                       max_depth=None, max_features=None, max_leaf_nodes=None,
                       min_impurity_decrease=0.0, min_impurity_split=None,
                       min_samples_leaf=1, min_samples_split=2,
                       min_weight_fraction_leaf=0.0, presort='deprecated',
                       random_state=123, splitter='best')
2022-02-03 15:57:09,481:INFO:create_model() succesfully completed......................................
2022-02-03 15:57:09,568:INFO:SubProcess create_model() end ==================================
2022-02-03 15:57:09,568:INFO:Creating metrics dataframe
2022-02-03 15:57:09,626:INFO:Initializing SVM - Linear Kernel
2022-02-03 15:57:09,626:INFO:Total runtime is 2.049925422668457 minutes
2022-02-03 15:57:09,638:INFO:SubProcess create_model() called ==================================
2022-02-03 15:57:09,638:INFO:Initializing create_model()
2022-02-03 15:57:09,638:INFO:create_model(estimator=svm, fold=StratifiedKFold(n_splits=10, random_state=None, shuffle=False), round=4, cross_validation=True, predict=True, fit_kwargs={}, groups=None, refit=False, verbose=False, system=False, metrics=None, add_to_model_list=True, probability_threshold=None, display=<pycaret.internal.Display.Display object at 0x000001C16E4CB4F0>, kwargs={})
2022-02-03 15:57:09,638:INFO:Checking exceptions
2022-02-03 15:57:09,639:INFO:Importing libraries
2022-02-03 15:57:09,639:INFO:Copying training dataset
2022-02-03 15:57:09,658:INFO:Defining folds
2022-02-03 15:57:09,658:INFO:Declaring metric variables
2022-02-03 15:57:09,674:INFO:Importing untrained model
2022-02-03 15:57:09,693:INFO:SVM - Linear Kernel Imported succesfully
2022-02-03 15:57:09,728:INFO:Starting cross validation
2022-02-03 15:57:09,730:INFO:Cross validating with StratifiedKFold(n_splits=10, random_state=None, shuffle=False), n_jobs=-1
2022-02-03 15:57:16,185:INFO:Calculating mean and std
2022-02-03 15:57:16,187:INFO:Creating metrics dataframe
2022-02-03 15:57:16,312:INFO:Uploading results into container
2022-02-03 15:57:16,313:INFO:Uploading model into container now
2022-02-03 15:57:16,313:INFO:create_model_container: 5
2022-02-03 15:57:16,313:INFO:master_model_container: 5
2022-02-03 15:57:16,313:INFO:display_container: 2
2022-02-03 15:57:16,314:INFO:SGDClassifier(alpha=0.0001, average=False, class_weight=None,
              early_stopping=False, epsilon=0.1, eta0=0.001, fit_intercept=True,
              l1_ratio=0.15, learning_rate='optimal', loss='hinge',
              max_iter=1000, n_iter_no_change=5, n_jobs=-1, penalty='l2',
              power_t=0.5, random_state=123, shuffle=True, tol=0.001,
              validation_fraction=0.1, verbose=0, warm_start=False)
2022-02-03 15:57:16,314:INFO:create_model() succesfully completed......................................
2022-02-03 15:57:16,399:INFO:SubProcess create_model() end ==================================
2022-02-03 15:57:16,399:INFO:Creating metrics dataframe
2022-02-03 15:57:16,454:INFO:Initializing Ridge Classifier
2022-02-03 15:57:16,455:INFO:Total runtime is 2.163736391067505 minutes
2022-02-03 15:57:16,467:INFO:SubProcess create_model() called ==================================
2022-02-03 15:57:16,468:INFO:Initializing create_model()
2022-02-03 15:57:16,468:INFO:create_model(estimator=ridge, fold=StratifiedKFold(n_splits=10, random_state=None, shuffle=False), round=4, cross_validation=True, predict=True, fit_kwargs={}, groups=None, refit=False, verbose=False, system=False, metrics=None, add_to_model_list=True, probability_threshold=None, display=<pycaret.internal.Display.Display object at 0x000001C16E4CB4F0>, kwargs={})
2022-02-03 15:57:16,468:INFO:Checking exceptions
2022-02-03 15:57:16,468:INFO:Importing libraries
2022-02-03 15:57:16,469:INFO:Copying training dataset
2022-02-03 15:57:16,490:INFO:Defining folds
2022-02-03 15:57:16,491:INFO:Declaring metric variables
2022-02-03 15:57:16,506:INFO:Importing untrained model
2022-02-03 15:57:16,518:INFO:Ridge Classifier Imported succesfully
2022-02-03 15:57:16,543:INFO:Starting cross validation
2022-02-03 15:57:16,544:INFO:Cross validating with StratifiedKFold(n_splits=10, random_state=None, shuffle=False), n_jobs=-1
2022-02-03 15:58:15,223:INFO:Calculating mean and std
2022-02-03 15:58:15,227:INFO:Creating metrics dataframe
2022-02-03 15:58:15,351:INFO:Uploading results into container
2022-02-03 15:58:15,351:INFO:Uploading model into container now
2022-02-03 15:58:15,351:INFO:create_model_container: 6
2022-02-03 15:58:15,352:INFO:master_model_container: 6
2022-02-03 15:58:15,352:INFO:display_container: 2
2022-02-03 15:58:15,353:INFO:RidgeClassifier(alpha=1.0, class_weight=None, copy_X=True, fit_intercept=True,
                max_iter=None, normalize=False, random_state=123, solver='auto',
                tol=0.001)
2022-02-03 15:58:15,353:INFO:create_model() succesfully completed......................................
2022-02-03 15:58:15,442:INFO:SubProcess create_model() end ==================================
2022-02-03 15:58:15,442:INFO:Creating metrics dataframe
2022-02-03 15:58:15,493:INFO:Initializing Random Forest Classifier
2022-02-03 15:58:15,493:INFO:Total runtime is 3.1476987083752954 minutes
2022-02-03 15:58:15,504:INFO:SubProcess create_model() called ==================================
2022-02-03 15:58:15,505:INFO:Initializing create_model()
2022-02-03 15:58:15,505:INFO:create_model(estimator=rf, fold=StratifiedKFold(n_splits=10, random_state=None, shuffle=False), round=4, cross_validation=True, predict=True, fit_kwargs={}, groups=None, refit=False, verbose=False, system=False, metrics=None, add_to_model_list=True, probability_threshold=None, display=<pycaret.internal.Display.Display object at 0x000001C16E4CB4F0>, kwargs={})
2022-02-03 15:58:15,505:INFO:Checking exceptions
2022-02-03 15:58:15,505:INFO:Importing libraries
2022-02-03 15:58:15,505:INFO:Copying training dataset
2022-02-03 15:58:15,527:INFO:Defining folds
2022-02-03 15:58:15,527:INFO:Declaring metric variables
2022-02-03 15:58:15,543:INFO:Importing untrained model
2022-02-03 15:58:15,558:INFO:Random Forest Classifier Imported succesfully
2022-02-03 15:58:15,587:INFO:Starting cross validation
2022-02-03 15:58:15,588:INFO:Cross validating with StratifiedKFold(n_splits=10, random_state=None, shuffle=False), n_jobs=-1
2022-02-03 15:58:55,278:INFO:Calculating mean and std
2022-02-03 15:58:55,281:INFO:Creating metrics dataframe
2022-02-03 15:58:55,533:INFO:Uploading results into container
2022-02-03 15:58:55,533:INFO:Uploading model into container now
2022-02-03 15:58:55,539:INFO:create_model_container: 7
2022-02-03 15:58:55,539:INFO:master_model_container: 7
2022-02-03 15:58:55,539:INFO:display_container: 2
2022-02-03 15:58:55,540:INFO:RandomForestClassifier(bootstrap=True, ccp_alpha=0.0, class_weight=None,
                       criterion='gini', max_depth=None, max_features='auto',
                       max_leaf_nodes=None, max_samples=None,
                       min_impurity_decrease=0.0, min_impurity_split=None,
                       min_samples_leaf=1, min_samples_split=2,
                       min_weight_fraction_leaf=0.0, n_estimators=100,
                       n_jobs=-1, oob_score=False, random_state=123, verbose=0,
                       warm_start=False)
2022-02-03 15:58:55,541:INFO:create_model() succesfully completed......................................
2022-02-03 15:58:55,782:INFO:SubProcess create_model() end ==================================
2022-02-03 15:58:55,783:INFO:Creating metrics dataframe
2022-02-03 15:58:55,978:INFO:Initializing Quadratic Discriminant Analysis
2022-02-03 15:58:55,978:INFO:Total runtime is 3.822455974419912 minutes
2022-02-03 15:58:56,000:INFO:SubProcess create_model() called ==================================
2022-02-03 15:58:56,001:INFO:Initializing create_model()
2022-02-03 15:58:56,001:INFO:create_model(estimator=qda, fold=StratifiedKFold(n_splits=10, random_state=None, shuffle=False), round=4, cross_validation=True, predict=True, fit_kwargs={}, groups=None, refit=False, verbose=False, system=False, metrics=None, add_to_model_list=True, probability_threshold=None, display=<pycaret.internal.Display.Display object at 0x000001C16E4CB4F0>, kwargs={})
2022-02-03 15:58:56,002:INFO:Checking exceptions
2022-02-03 15:58:56,002:INFO:Importing libraries
2022-02-03 15:58:56,002:INFO:Copying training dataset
2022-02-03 15:58:56,031:INFO:Defining folds
2022-02-03 15:58:56,031:INFO:Declaring metric variables
2022-02-03 15:58:56,056:INFO:Importing untrained model
2022-02-03 15:58:56,087:INFO:Quadratic Discriminant Analysis Imported succesfully
2022-02-03 15:58:56,138:INFO:Starting cross validation
2022-02-03 15:58:56,139:INFO:Cross validating with StratifiedKFold(n_splits=10, random_state=None, shuffle=False), n_jobs=-1
2022-02-03 16:01:33,620:INFO:Calculating mean and std
2022-02-03 16:01:33,624:INFO:Creating metrics dataframe
2022-02-03 16:01:33,830:INFO:Uploading results into container
2022-02-03 16:01:33,830:INFO:Uploading model into container now
2022-02-03 16:01:33,830:INFO:create_model_container: 8
2022-02-03 16:01:33,831:INFO:master_model_container: 8
2022-02-03 16:01:33,831:INFO:display_container: 2
2022-02-03 16:01:33,831:INFO:QuadraticDiscriminantAnalysis(priors=None, reg_param=0.0,
                              store_covariance=False, tol=0.0001)
2022-02-03 16:01:33,831:INFO:create_model() succesfully completed......................................
2022-02-03 16:01:33,926:INFO:SubProcess create_model() end ==================================
2022-02-03 16:01:33,926:INFO:Creating metrics dataframe
2022-02-03 16:01:33,983:INFO:Initializing Ada Boost Classifier
2022-02-03 16:01:33,983:INFO:Total runtime is 6.455867783228557 minutes
2022-02-03 16:01:33,993:INFO:SubProcess create_model() called ==================================
2022-02-03 16:01:33,994:INFO:Initializing create_model()
2022-02-03 16:01:33,994:INFO:create_model(estimator=ada, fold=StratifiedKFold(n_splits=10, random_state=None, shuffle=False), round=4, cross_validation=True, predict=True, fit_kwargs={}, groups=None, refit=False, verbose=False, system=False, metrics=None, add_to_model_list=True, probability_threshold=None, display=<pycaret.internal.Display.Display object at 0x000001C16E4CB4F0>, kwargs={})
2022-02-03 16:01:33,995:INFO:Checking exceptions
2022-02-03 16:01:33,995:INFO:Importing libraries
2022-02-03 16:01:33,995:INFO:Copying training dataset
2022-02-03 16:01:34,018:INFO:Defining folds
2022-02-03 16:01:34,018:INFO:Declaring metric variables
2022-02-03 16:01:34,032:INFO:Importing untrained model
2022-02-03 16:01:34,046:INFO:Ada Boost Classifier Imported succesfully
2022-02-03 16:01:34,072:INFO:Starting cross validation
2022-02-03 16:01:34,073:INFO:Cross validating with StratifiedKFold(n_splits=10, random_state=None, shuffle=False), n_jobs=-1
2022-02-03 16:02:00,913:INFO:Calculating mean and std
2022-02-03 16:02:00,915:INFO:Creating metrics dataframe
2022-02-03 16:02:01,083:INFO:Uploading results into container
2022-02-03 16:02:01,083:INFO:Uploading model into container now
2022-02-03 16:02:01,083:INFO:create_model_container: 9
2022-02-03 16:02:01,084:INFO:master_model_container: 9
2022-02-03 16:02:01,084:INFO:display_container: 2
2022-02-03 16:02:01,084:INFO:AdaBoostClassifier(algorithm='SAMME.R', base_estimator=None, learning_rate=1.0,
                   n_estimators=50, random_state=123)
2022-02-03 16:02:01,084:INFO:create_model() succesfully completed......................................
2022-02-03 16:02:01,164:INFO:SubProcess create_model() end ==================================
2022-02-03 16:02:01,164:INFO:Creating metrics dataframe
2022-02-03 16:02:01,221:INFO:Initializing Gradient Boosting Classifier
2022-02-03 16:02:01,222:INFO:Total runtime is 6.909847593307496 minutes
2022-02-03 16:02:01,232:INFO:SubProcess create_model() called ==================================
2022-02-03 16:02:01,232:INFO:Initializing create_model()
2022-02-03 16:02:01,232:INFO:create_model(estimator=gbc, fold=StratifiedKFold(n_splits=10, random_state=None, shuffle=False), round=4, cross_validation=True, predict=True, fit_kwargs={}, groups=None, refit=False, verbose=False, system=False, metrics=None, add_to_model_list=True, probability_threshold=None, display=<pycaret.internal.Display.Display object at 0x000001C16E4CB4F0>, kwargs={})
2022-02-03 16:02:01,233:INFO:Checking exceptions
2022-02-03 16:02:01,233:INFO:Importing libraries
2022-02-03 16:02:01,233:INFO:Copying training dataset
2022-02-03 16:02:01,249:INFO:Defining folds
2022-02-03 16:02:01,249:INFO:Declaring metric variables
2022-02-03 16:02:01,258:INFO:Importing untrained model
2022-02-03 16:02:01,268:INFO:Gradient Boosting Classifier Imported succesfully
2022-02-03 16:02:01,293:INFO:Starting cross validation
2022-02-03 16:02:01,293:INFO:Cross validating with StratifiedKFold(n_splits=10, random_state=None, shuffle=False), n_jobs=-1
2022-02-03 16:03:38,552:INFO:Calculating mean and std
2022-02-03 16:03:38,556:INFO:Creating metrics dataframe
2022-02-03 16:03:38,701:INFO:Uploading results into container
2022-02-03 16:03:38,701:INFO:Uploading model into container now
2022-02-03 16:03:38,701:INFO:create_model_container: 10
2022-02-03 16:03:38,701:INFO:master_model_container: 10
2022-02-03 16:03:38,702:INFO:display_container: 2
2022-02-03 16:03:38,702:INFO:GradientBoostingClassifier(ccp_alpha=0.0, criterion='friedman_mse', init=None,
                           learning_rate=0.1, loss='deviance', max_depth=3,
                           max_features=None, max_leaf_nodes=None,
                           min_impurity_decrease=0.0, min_impurity_split=None,
                           min_samples_leaf=1, min_samples_split=2,
                           min_weight_fraction_leaf=0.0, n_estimators=100,
                           n_iter_no_change=None, presort='deprecated',
                           random_state=123, subsample=1.0, tol=0.0001,
                           validation_fraction=0.1, verbose=0,
                           warm_start=False)
2022-02-03 16:03:38,702:INFO:create_model() succesfully completed......................................
2022-02-03 16:03:38,787:INFO:SubProcess create_model() end ==================================
2022-02-03 16:03:38,787:INFO:Creating metrics dataframe
2022-02-03 16:03:38,850:INFO:Initializing Linear Discriminant Analysis
2022-02-03 16:03:38,851:INFO:Total runtime is 8.536980815728507 minutes
2022-02-03 16:03:38,862:INFO:SubProcess create_model() called ==================================
2022-02-03 16:03:38,863:INFO:Initializing create_model()
2022-02-03 16:03:38,863:INFO:create_model(estimator=lda, fold=StratifiedKFold(n_splits=10, random_state=None, shuffle=False), round=4, cross_validation=True, predict=True, fit_kwargs={}, groups=None, refit=False, verbose=False, system=False, metrics=None, add_to_model_list=True, probability_threshold=None, display=<pycaret.internal.Display.Display object at 0x000001C16E4CB4F0>, kwargs={})
2022-02-03 16:03:38,863:INFO:Checking exceptions
2022-02-03 16:03:38,864:INFO:Importing libraries
2022-02-03 16:03:38,864:INFO:Copying training dataset
2022-02-03 16:03:38,884:INFO:Defining folds
2022-02-03 16:03:38,884:INFO:Declaring metric variables
2022-02-03 16:03:38,898:INFO:Importing untrained model
2022-02-03 16:03:38,913:INFO:Linear Discriminant Analysis Imported succesfully
2022-02-03 16:03:38,938:INFO:Starting cross validation
2022-02-03 16:03:38,939:INFO:Cross validating with StratifiedKFold(n_splits=10, random_state=None, shuffle=False), n_jobs=-1
2022-02-03 16:07:05,487:INFO:Calculating mean and std
2022-02-03 16:07:05,490:INFO:Creating metrics dataframe
2022-02-03 16:07:05,670:INFO:Uploading results into container
2022-02-03 16:07:05,670:INFO:Uploading model into container now
2022-02-03 16:07:05,670:INFO:create_model_container: 11
2022-02-03 16:07:05,670:INFO:master_model_container: 11
2022-02-03 16:07:05,671:INFO:display_container: 2
2022-02-03 16:07:05,671:INFO:LinearDiscriminantAnalysis(n_components=None, priors=None, shrinkage=None,
                           solver='svd', store_covariance=False, tol=0.0001)
2022-02-03 16:07:05,672:INFO:create_model() succesfully completed......................................
2022-02-03 16:07:05,777:INFO:SubProcess create_model() end ==================================
2022-02-03 16:07:05,777:INFO:Creating metrics dataframe
2022-02-03 16:07:05,834:INFO:Initializing Extra Trees Classifier
2022-02-03 16:07:05,835:INFO:Total runtime is 11.986741761366527 minutes
2022-02-03 16:07:05,846:INFO:SubProcess create_model() called ==================================
2022-02-03 16:07:05,846:INFO:Initializing create_model()
2022-02-03 16:07:05,847:INFO:create_model(estimator=et, fold=StratifiedKFold(n_splits=10, random_state=None, shuffle=False), round=4, cross_validation=True, predict=True, fit_kwargs={}, groups=None, refit=False, verbose=False, system=False, metrics=None, add_to_model_list=True, probability_threshold=None, display=<pycaret.internal.Display.Display object at 0x000001C16E4CB4F0>, kwargs={})
2022-02-03 16:07:05,847:INFO:Checking exceptions
2022-02-03 16:07:05,847:INFO:Importing libraries
2022-02-03 16:07:05,847:INFO:Copying training dataset
2022-02-03 16:07:05,889:INFO:Defining folds
2022-02-03 16:07:05,889:INFO:Declaring metric variables
2022-02-03 16:07:05,897:INFO:Importing untrained model
2022-02-03 16:07:05,911:INFO:Extra Trees Classifier Imported succesfully
2022-02-03 16:07:05,937:INFO:Starting cross validation
2022-02-03 16:07:05,938:INFO:Cross validating with StratifiedKFold(n_splits=10, random_state=None, shuffle=False), n_jobs=-1
2022-02-03 16:08:24,097:INFO:Calculating mean and std
2022-02-03 16:08:24,099:INFO:Creating metrics dataframe
2022-02-03 16:08:24,210:INFO:Uploading results into container
2022-02-03 16:08:24,210:INFO:Uploading model into container now
2022-02-03 16:08:24,210:INFO:create_model_container: 12
2022-02-03 16:08:24,211:INFO:master_model_container: 12
2022-02-03 16:08:24,211:INFO:display_container: 2
2022-02-03 16:08:24,211:INFO:ExtraTreesClassifier(bootstrap=False, ccp_alpha=0.0, class_weight=None,
                     criterion='gini', max_depth=None, max_features='auto',
                     max_leaf_nodes=None, max_samples=None,
                     min_impurity_decrease=0.0, min_impurity_split=None,
                     min_samples_leaf=1, min_samples_split=2,
                     min_weight_fraction_leaf=0.0, n_estimators=100, n_jobs=-1,
                     oob_score=False, random_state=123, verbose=0,
                     warm_start=False)
2022-02-03 16:08:24,211:INFO:create_model() succesfully completed......................................
2022-02-03 16:08:24,310:INFO:SubProcess create_model() end ==================================
2022-02-03 16:08:24,310:INFO:Creating metrics dataframe
2022-02-03 16:08:24,378:INFO:Initializing Light Gradient Boosting Machine
2022-02-03 16:08:24,378:INFO:Total runtime is 13.295787684122722 minutes
2022-02-03 16:08:24,394:INFO:SubProcess create_model() called ==================================
2022-02-03 16:08:24,395:INFO:Initializing create_model()
2022-02-03 16:08:24,395:INFO:create_model(estimator=lightgbm, fold=StratifiedKFold(n_splits=10, random_state=None, shuffle=False), round=4, cross_validation=True, predict=True, fit_kwargs={}, groups=None, refit=False, verbose=False, system=False, metrics=None, add_to_model_list=True, probability_threshold=None, display=<pycaret.internal.Display.Display object at 0x000001C16E4CB4F0>, kwargs={})
2022-02-03 16:08:24,395:INFO:Checking exceptions
2022-02-03 16:08:24,396:INFO:Importing libraries
2022-02-03 16:08:24,396:INFO:Copying training dataset
2022-02-03 16:08:24,413:INFO:Defining folds
2022-02-03 16:08:24,413:INFO:Declaring metric variables
2022-02-03 16:08:24,427:INFO:Importing untrained model
2022-02-03 16:08:24,441:INFO:Light Gradient Boosting Machine Imported succesfully
2022-02-03 16:08:24,473:INFO:Starting cross validation
2022-02-03 16:08:24,474:INFO:Cross validating with StratifiedKFold(n_splits=10, random_state=None, shuffle=False), n_jobs=-1
2022-02-03 16:08:27,696:INFO:Calculating mean and std
2022-02-03 16:08:27,704:INFO:Creating metrics dataframe
2022-02-03 16:08:27,972:INFO:Uploading results into container
2022-02-03 16:08:27,972:INFO:Uploading model into container now
2022-02-03 16:08:27,972:INFO:create_model_container: 13
2022-02-03 16:08:27,972:INFO:master_model_container: 13
2022-02-03 16:08:27,972:INFO:display_container: 2
2022-02-03 16:08:27,973:INFO:LGBMClassifier(boosting_type='gbdt', class_weight=None, colsample_bytree=1.0,
               importance_type='split', learning_rate=0.1, max_depth=-1,
               min_child_samples=20, min_child_weight=0.001, min_split_gain=0.0,
               n_estimators=100, n_jobs=-1, num_leaves=31, objective=None,
               random_state=123, reg_alpha=0.0, reg_lambda=0.0, silent='warn',
               subsample=1.0, subsample_for_bin=200000, subsample_freq=0)
2022-02-03 16:08:27,973:INFO:create_model() succesfully completed......................................
2022-02-03 16:08:28,079:WARNING:create_model() for LGBMClassifier(boosting_type='gbdt', class_weight=None, colsample_bytree=1.0,
               importance_type='split', learning_rate=0.1, max_depth=-1,
               min_child_samples=20, min_child_weight=0.001, min_split_gain=0.0,
               n_estimators=100, n_jobs=-1, num_leaves=31, objective=None,
               random_state=123, reg_alpha=0.0, reg_lambda=0.0, silent='warn',
               subsample=1.0, subsample_for_bin=200000, subsample_freq=0) raised an exception or returned all 0.0, trying without fit_kwargs:
2022-02-03 16:08:28,080:WARNING:Traceback (most recent call last):
  File "C:\Users\Greta\anaconda3\envs\yourenvname\lib\site-packages\pycaret\internal\tabular.py", line 2208, in compare_models
    assert np.sum(model_results.iloc[0]) != 0.0
AssertionError

2022-02-03 16:08:28,081:INFO:Initializing create_model()
2022-02-03 16:08:28,082:INFO:create_model(estimator=lightgbm, fold=StratifiedKFold(n_splits=10, random_state=None, shuffle=False), round=4, cross_validation=True, predict=True, fit_kwargs={}, groups=None, refit=False, verbose=False, system=False, metrics=None, add_to_model_list=True, probability_threshold=None, display=<pycaret.internal.Display.Display object at 0x000001C16E4CB4F0>, kwargs={})
2022-02-03 16:08:28,082:INFO:Checking exceptions
2022-02-03 16:08:28,082:INFO:Importing libraries
2022-02-03 16:08:28,082:INFO:Copying training dataset
2022-02-03 16:08:28,104:INFO:Defining folds
2022-02-03 16:08:28,105:INFO:Declaring metric variables
2022-02-03 16:08:28,120:INFO:Importing untrained model
2022-02-03 16:08:28,138:INFO:Light Gradient Boosting Machine Imported succesfully
2022-02-03 16:08:28,171:INFO:Starting cross validation
2022-02-03 16:08:28,172:INFO:Cross validating with StratifiedKFold(n_splits=10, random_state=None, shuffle=False), n_jobs=-1
2022-02-03 16:08:31,078:INFO:Calculating mean and std
2022-02-03 16:08:31,084:INFO:Creating metrics dataframe
2022-02-03 16:08:31,404:INFO:Uploading results into container
2022-02-03 16:08:31,405:INFO:Uploading model into container now
2022-02-03 16:08:31,405:INFO:create_model_container: 14
2022-02-03 16:08:31,405:INFO:master_model_container: 14
2022-02-03 16:08:31,405:INFO:display_container: 2
2022-02-03 16:08:31,406:INFO:LGBMClassifier(boosting_type='gbdt', class_weight=None, colsample_bytree=1.0,
               importance_type='split', learning_rate=0.1, max_depth=-1,
               min_child_samples=20, min_child_weight=0.001, min_split_gain=0.0,
               n_estimators=100, n_jobs=-1, num_leaves=31, objective=None,
               random_state=123, reg_alpha=0.0, reg_lambda=0.0, silent='warn',
               subsample=1.0, subsample_for_bin=200000, subsample_freq=0)
2022-02-03 16:08:31,406:INFO:create_model() succesfully completed......................................
2022-02-03 16:08:31,583:ERROR:create_model() for LGBMClassifier(boosting_type='gbdt', class_weight=None, colsample_bytree=1.0,
               importance_type='split', learning_rate=0.1, max_depth=-1,
               min_child_samples=20, min_child_weight=0.001, min_split_gain=0.0,
               n_estimators=100, n_jobs=-1, num_leaves=31, objective=None,
               random_state=123, reg_alpha=0.0, reg_lambda=0.0, silent='warn',
               subsample=1.0, subsample_for_bin=200000, subsample_freq=0) raised an exception or returned all 0.0:
2022-02-03 16:08:31,585:ERROR:Traceback (most recent call last):
  File "C:\Users\Greta\anaconda3\envs\yourenvname\lib\site-packages\pycaret\internal\tabular.py", line 2208, in compare_models
    assert np.sum(model_results.iloc[0]) != 0.0
AssertionError

During handling of the above exception, another exception occurred:

Traceback (most recent call last):
  File "C:\Users\Greta\anaconda3\envs\yourenvname\lib\site-packages\pycaret\internal\tabular.py", line 2217, in compare_models
    assert np.sum(model_results.iloc[0]) != 0.0
AssertionError

2022-02-03 16:08:31,586:INFO:Initializing Dummy Classifier
2022-02-03 16:08:31,586:INFO:Total runtime is 13.415923579533896 minutes
2022-02-03 16:08:31,609:INFO:SubProcess create_model() called ==================================
2022-02-03 16:08:31,609:INFO:Initializing create_model()
2022-02-03 16:08:31,610:INFO:create_model(estimator=dummy, fold=StratifiedKFold(n_splits=10, random_state=None, shuffle=False), round=4, cross_validation=True, predict=True, fit_kwargs={}, groups=None, refit=False, verbose=False, system=False, metrics=None, add_to_model_list=True, probability_threshold=None, display=<pycaret.internal.Display.Display object at 0x000001C16E4CB4F0>, kwargs={})
2022-02-03 16:08:31,610:INFO:Checking exceptions
2022-02-03 16:08:31,610:INFO:Importing libraries
2022-02-03 16:08:31,611:INFO:Copying training dataset
2022-02-03 16:08:31,633:INFO:Defining folds
2022-02-03 16:08:31,634:INFO:Declaring metric variables
2022-02-03 16:08:31,655:INFO:Importing untrained model
2022-02-03 16:08:31,674:INFO:Dummy Classifier Imported succesfully
2022-02-03 16:08:31,716:INFO:Starting cross validation
2022-02-03 16:08:31,718:INFO:Cross validating with StratifiedKFold(n_splits=10, random_state=None, shuffle=False), n_jobs=-1
2022-02-03 16:08:32,629:INFO:Calculating mean and std
2022-02-03 16:08:32,630:INFO:Creating metrics dataframe
2022-02-03 16:08:32,741:INFO:Uploading results into container
2022-02-03 16:08:32,742:INFO:Uploading model into container now
2022-02-03 16:08:32,742:INFO:create_model_container: 15
2022-02-03 16:08:32,742:INFO:master_model_container: 15
2022-02-03 16:08:32,742:INFO:display_container: 2
2022-02-03 16:08:32,742:INFO:DummyClassifier(constant=None, random_state=123, strategy='prior')
2022-02-03 16:08:32,742:INFO:create_model() succesfully completed......................................
2022-02-03 16:08:32,851:INFO:SubProcess create_model() end ==================================
2022-02-03 16:08:32,851:INFO:Creating metrics dataframe
2022-02-03 16:08:32,973:INFO:Initializing create_model()
2022-02-03 16:08:32,973:INFO:create_model(estimator=RandomForestClassifier(bootstrap=True, ccp_alpha=0.0, class_weight=None,
                       criterion='gini', max_depth=None, max_features='auto',
                       max_leaf_nodes=None, max_samples=None,
                       min_impurity_decrease=0.0, min_impurity_split=None,
                       min_samples_leaf=1, min_samples_split=2,
                       min_weight_fraction_leaf=0.0, n_estimators=100,
                       n_jobs=-1, oob_score=False, random_state=123, verbose=0,
                       warm_start=False), fold=StratifiedKFold(n_splits=10, random_state=None, shuffle=False), round=4, cross_validation=False, predict=False, fit_kwargs={}, groups=None, refit=True, verbose=False, system=False, metrics=None, add_to_model_list=True, probability_threshold=None, display=None, kwargs={})
2022-02-03 16:08:32,973:INFO:Checking exceptions
2022-02-03 16:08:32,973:INFO:Importing libraries
2022-02-03 16:08:32,974:INFO:Copying training dataset
2022-02-03 16:08:32,993:INFO:Defining folds
2022-02-03 16:08:32,993:INFO:Declaring metric variables
2022-02-03 16:08:32,993:INFO:Importing untrained model
2022-02-03 16:08:32,994:INFO:Declaring custom model
2022-02-03 16:08:32,995:INFO:Random Forest Classifier Imported succesfully
2022-02-03 16:08:32,995:INFO:Cross validation set to False
2022-02-03 16:08:32,995:INFO:Fitting Model
2022-02-03 16:08:38,163:INFO:RandomForestClassifier(bootstrap=True, ccp_alpha=0.0, class_weight=None,
                       criterion='gini', max_depth=None, max_features='auto',
                       max_leaf_nodes=None, max_samples=None,
                       min_impurity_decrease=0.0, min_impurity_split=None,
                       min_samples_leaf=1, min_samples_split=2,
                       min_weight_fraction_leaf=0.0, n_estimators=100,
                       n_jobs=-1, oob_score=False, random_state=123, verbose=0,
                       warm_start=False)
2022-02-03 16:08:38,163:INFO:create_models() succesfully completed......................................
2022-02-03 16:08:38,280:INFO:create_model_container: 15
2022-02-03 16:08:38,280:INFO:master_model_container: 15
2022-02-03 16:08:38,280:INFO:display_container: 2
2022-02-03 16:08:38,281:INFO:RandomForestClassifier(bootstrap=True, ccp_alpha=0.0, class_weight=None,
                       criterion='gini', max_depth=None, max_features='auto',
                       max_leaf_nodes=None, max_samples=None,
                       min_impurity_decrease=0.0, min_impurity_split=None,
                       min_samples_leaf=1, min_samples_split=2,
                       min_weight_fraction_leaf=0.0, n_estimators=100,
                       n_jobs=-1, oob_score=False, random_state=123, verbose=0,
                       warm_start=False)
2022-02-03 16:08:38,281:INFO:compare_models() succesfully completed......................................
2022-02-03 16:14:30,532:INFO:Initializing create_model()
2022-02-03 16:14:30,533:INFO:create_model(estimator=et, fold=None, round=4, cross_validation=True, predict=True, fit_kwargs=None, groups=None, refit=True, verbose=True, system=True, metrics=None, add_to_model_list=True, probability_threshold=None, display=None, kwargs={})
2022-02-03 16:14:30,533:INFO:Checking exceptions
2022-02-03 16:14:30,534:INFO:Preparing display monitor
2022-02-03 16:14:30,604:INFO:Importing libraries
2022-02-03 16:14:30,604:INFO:Copying training dataset
2022-02-03 16:14:30,625:INFO:Defining folds
2022-02-03 16:14:30,625:INFO:Declaring metric variables
2022-02-03 16:14:30,641:INFO:Importing untrained model
2022-02-03 16:14:30,661:INFO:Extra Trees Classifier Imported succesfully
2022-02-03 16:14:30,696:INFO:Starting cross validation
2022-02-03 16:14:30,698:INFO:Cross validating with StratifiedKFold(n_splits=10, random_state=None, shuffle=False), n_jobs=-1
2022-02-03 16:16:04,582:INFO:Calculating mean and std
2022-02-03 16:16:04,584:INFO:Creating metrics dataframe
2022-02-03 16:16:04,733:INFO:Finalizing model
2022-02-03 16:16:15,229:INFO:Uploading results into container
2022-02-03 16:16:15,229:INFO:Uploading model into container now
2022-02-03 16:16:15,241:INFO:create_model_container: 16
2022-02-03 16:16:15,242:INFO:master_model_container: 16
2022-02-03 16:16:15,242:INFO:display_container: 3
2022-02-03 16:16:15,245:INFO:ExtraTreesClassifier(bootstrap=False, ccp_alpha=0.0, class_weight=None,
                     criterion='gini', max_depth=None, max_features='auto',
                     max_leaf_nodes=None, max_samples=None,
                     min_impurity_decrease=0.0, min_impurity_split=None,
                     min_samples_leaf=1, min_samples_split=2,
                     min_weight_fraction_leaf=0.0, n_estimators=100, n_jobs=-1,
                     oob_score=False, random_state=123, verbose=0,
                     warm_start=False)
2022-02-03 16:16:15,245:INFO:create_model() succesfully completed......................................
2022-02-03 16:18:26,444:INFO:Initializing create_model()
2022-02-03 16:18:26,445:INFO:create_model(estimator=rf, fold=None, round=4, cross_validation=True, predict=True, fit_kwargs=None, groups=None, refit=True, verbose=True, system=True, metrics=None, add_to_model_list=True, probability_threshold=None, display=None, kwargs={})
2022-02-03 16:18:26,445:INFO:Checking exceptions
2022-02-03 16:18:26,446:INFO:Preparing display monitor
2022-02-03 16:18:26,483:INFO:Importing libraries
2022-02-03 16:18:26,483:INFO:Copying training dataset
2022-02-03 16:18:26,505:INFO:Defining folds
2022-02-03 16:18:26,506:INFO:Declaring metric variables
2022-02-03 16:18:26,529:INFO:Importing untrained model
2022-02-03 16:18:26,550:INFO:Random Forest Classifier Imported succesfully
2022-02-03 16:18:26,598:INFO:Starting cross validation
2022-02-03 16:18:26,599:INFO:Cross validating with StratifiedKFold(n_splits=10, random_state=None, shuffle=False), n_jobs=-1
2022-02-03 16:19:03,283:INFO:Calculating mean and std
2022-02-03 16:19:03,284:INFO:Creating metrics dataframe
2022-02-03 16:19:03,400:INFO:Finalizing model
2022-02-03 16:19:07,712:INFO:Uploading results into container
2022-02-03 16:19:07,713:INFO:Uploading model into container now
2022-02-03 16:19:07,726:INFO:create_model_container: 17
2022-02-03 16:19:07,726:INFO:master_model_container: 17
2022-02-03 16:19:07,726:INFO:display_container: 4
2022-02-03 16:19:07,727:INFO:RandomForestClassifier(bootstrap=True, ccp_alpha=0.0, class_weight=None,
                       criterion='gini', max_depth=None, max_features='auto',
                       max_leaf_nodes=None, max_samples=None,
                       min_impurity_decrease=0.0, min_impurity_split=None,
                       min_samples_leaf=1, min_samples_split=2,
                       min_weight_fraction_leaf=0.0, n_estimators=100,
                       n_jobs=-1, oob_score=False, random_state=123, verbose=0,
                       warm_start=False)
2022-02-03 16:19:07,727:INFO:create_model() succesfully completed......................................
2022-02-03 16:19:28,511:INFO:Initializing create_model()
2022-02-03 16:19:28,511:INFO:create_model(estimator=et, fold=None, round=4, cross_validation=True, predict=True, fit_kwargs=None, groups=None, refit=True, verbose=True, system=True, metrics=None, add_to_model_list=True, probability_threshold=None, display=None, kwargs={})
2022-02-03 16:19:28,511:INFO:Checking exceptions
2022-02-03 16:19:28,512:INFO:Preparing display monitor
2022-02-03 16:19:28,551:INFO:Importing libraries
2022-02-03 16:19:28,552:INFO:Copying training dataset
2022-02-03 16:19:28,575:INFO:Defining folds
2022-02-03 16:19:28,575:INFO:Declaring metric variables
2022-02-03 16:19:28,593:INFO:Importing untrained model
2022-02-03 16:19:28,615:INFO:Extra Trees Classifier Imported succesfully
2022-02-03 16:19:28,652:INFO:Starting cross validation
2022-02-03 16:19:28,654:INFO:Cross validating with StratifiedKFold(n_splits=10, random_state=None, shuffle=False), n_jobs=-1
2022-02-03 16:20:47,543:INFO:Calculating mean and std
2022-02-03 16:20:47,545:INFO:Creating metrics dataframe
2022-02-03 16:20:47,644:INFO:Finalizing model
2022-02-03 16:20:57,627:INFO:Uploading results into container
2022-02-03 16:20:57,627:INFO:Uploading model into container now
2022-02-03 16:20:57,637:INFO:create_model_container: 18
2022-02-03 16:20:57,638:INFO:master_model_container: 18
2022-02-03 16:20:57,638:INFO:display_container: 5
2022-02-03 16:20:57,639:INFO:ExtraTreesClassifier(bootstrap=False, ccp_alpha=0.0, class_weight=None,
                     criterion='gini', max_depth=None, max_features='auto',
                     max_leaf_nodes=None, max_samples=None,
                     min_impurity_decrease=0.0, min_impurity_split=None,
                     min_samples_leaf=1, min_samples_split=2,
                     min_weight_fraction_leaf=0.0, n_estimators=100, n_jobs=-1,
                     oob_score=False, random_state=123, verbose=0,
                     warm_start=False)
2022-02-03 16:20:57,639:INFO:create_model() succesfully completed......................................
